<?xml version="1.0" encoding="UTF-8"?>
<Site BuildName="Linux-c++"
	BuildStamp="20220202-1856-Experimental"
	Name="george-pc"
	Generator="ctest-3.22.1"
	CompilerName="/usr/bin/c++"
	CompilerVersion="11.1.0"
	OSName="Linux"
	Hostname="george-pc"
	OSRelease="5.10.93-1-MANJARO"
	OSVersion="#1 SMP PREEMPT Thu Jan 20 09:46:07 UTC 2022"
	OSPlatform="x86_64"
	Is64Bits="1"
	VendorString="AuthenticAMD"
	VendorID="Advanced Micro Devices"
	FamilyID="23"
	ModelID="104"
	ProcessorCacheSize="512"
	NumberOfLogicalCPU="12"
	NumberOfPhysicalCPU="6"
	TotalVirtualMemory="0"
	TotalPhysicalMemory="13913"
	LogicalProcessorsPerPhysical="2"
	ProcessorClockFrequency="1677.23"
	>
	<Testing>
		<StartDateTime>Feb 02 21:56 MSK</StartDateTime>
		<StartTestTime>1643828179</StartTestTime>
		<TestList/>
		<EndDateTime>Feb 02 21:56 MSK</EndDateTime>
		<EndTestTime>1643828179</EndTestTime>
		<ElapsedMinutes>0</ElapsedMinutes>
	</Testing>
</Site>
